#
# There is insufficient memory for the Java Runtime Environment to continue.
# Native memory allocation (malloc) failed to allocate 32744 bytes for ChunkPool::allocate
# Possible reasons:
#   The system is out of physical RAM or swap space
#   In 32 bit mode, the process size limit was hit
# Possible solutions:
#   Reduce memory load on the system
#   Increase physical memory or swap space
#   Check if swap backing store is full
#   Use 64 bit Java on a 64 bit OS
#   Decrease Java heap size (-Xmx/-Xms)
#   Decrease number of Java threads
#   Decrease Java thread stack sizes (-Xss)
#   Set larger code cache with -XX:ReservedCodeCacheSize=
# This output file may be truncated or incomplete.
#
#  Out of Memory Error (allocation.cpp:273), pid=8436, tid=0x0000000000001d50
#
# JRE version: Java(TM) SE Runtime Environment (8.0_101-b13) (build 1.8.0_101-b13)
# Java VM: Java HotSpot(TM) 64-Bit Server VM (25.101-b13 mixed mode windows-amd64 compressed oops)
# Failed to write core dump. Minidumps are not enabled by default on client versions of Windows
#

---------------  T H R E A D  ---------------

Current thread (0x00000000146d9800):  JavaThread "C2 CompilerThread1" daemon [_thread_in_native, id=7504, stack(0x0000000015dd0000,0x0000000015ed0000)]

Stack: [0x0000000015dd0000,0x0000000015ed0000]
[error occurred during error reporting (printing stack bounds), id 0xc0000005]

Native frames: (J=compiled Java code, j=interpreted, Vv=VM code, C=native code)


Current CompileTask:
C2:   1219  327       4       java.lang.String::replace (127 bytes)


---------------  P R O C E S S  ---------------

Java Threads: ( => current thread )
  0x000000001611f800 JavaThread "pool-2-thread-4" [_thread_in_vm, id=1184, stack(0x00000000169d0000,0x0000000016ad0000)]
  0x000000001611a000 JavaThread "pool-2-thread-3" [_thread_blocked, id=4408, stack(0x00000000168d0000,0x00000000169d0000)]
  0x0000000016041800 JavaThread "pool-2-thread-2" [_thread_blocked, id=9500, stack(0x00000000167d0000,0x00000000168d0000)]
  0x0000000016003000 JavaThread "pool-3-thread-1" [_thread_blocked, id=10472, stack(0x00000000166d0000,0x00000000167d0000)]
  0x0000000016002800 JavaThread "pool-2-thread-1" [_thread_blocked, id=7844, stack(0x00000000165d0000,0x00000000166d0000)]
  0x0000000015ed6000 JavaThread "Service Thread" daemon [_thread_blocked, id=6332, stack(0x00000000163d0000,0x00000000164d0000)]
  0x0000000015ed1000 JavaThread "C1 CompilerThread2" daemon [_thread_blocked, id=7080, stack(0x00000000162d0000,0x00000000163d0000)]
=>0x00000000146d9800 JavaThread "C2 CompilerThread1" daemon [_thread_in_native, id=7504, stack(0x0000000015dd0000,0x0000000015ed0000)]
  0x000000001468b800 JavaThread "C2 CompilerThread0" daemon [_thread_blocked, id=10424, stack(0x0000000015cd0000,0x0000000015dd0000)]
  0x0000000014687800 JavaThread "Attach Listener" daemon [_thread_blocked, id=10432, stack(0x0000000015bd0000,0x0000000015cd0000)]
  0x0000000014686800 JavaThread "Signal Dispatcher" daemon [_thread_blocked, id=10408, stack(0x0000000015ad0000,0x0000000015bd0000)]
  0x0000000001eea800 JavaThread "Finalizer" daemon [_thread_blocked, id=7940, stack(0x00000000158d0000,0x00000000159d0000)]
  0x0000000014649000 JavaThread "Reference Handler" daemon [_thread_blocked, id=5612, stack(0x00000000157d0000,0x00000000158d0000)]
  0x0000000001df2800 JavaThread "main" [_thread_blocked, id=10216, stack(0x0000000001c60000,0x0000000001d60000)]

Other Threads:
  0x0000000014647800 VMThread [stack: 0x00000000156d0000,0x00000000157d0000] [id=4540]
  0x0000000015ee3000 WatcherThread [stack: 0x00000000164d0000,0x00000000165d0000] [id=3548]

VM state:not at safepoint (normal execution)

VM Mutex/Monitor currently owned by a thread: None

Heap:
 PSYoungGen      total 38400K, used 10040K [0x00000000eab00000, 0x00000000ed580000, 0x0000000100000000)
  eden space 33280K, 30% used [0x00000000eab00000,0x00000000eb4ce398,0x00000000ecb80000)
  from space 5120K, 0% used [0x00000000ed080000,0x00000000ed080000,0x00000000ed580000)
  to   space 5120K, 0% used [0x00000000ecb80000,0x00000000ecb80000,0x00000000ed080000)
 ParOldGen       total 87552K, used 0K [0x00000000c0000000, 0x00000000c5580000, 0x00000000eab00000)
  object space 87552K, 0% used [0x00000000c0000000,0x00000000c0000000,0x00000000c5580000)
 Metaspace       used 4796K, capacity 5872K, committed 6016K, reserved 1056768K
  class space    used 525K, capacity 552K, committed 640K, reserved 1048576K

Card table byte_map: [0x0000000011370000,0x0000000011580000] byte_map_base: 0x0000000010d70000

Marking Bits: (ParMarkBitMap*) 0x0000000069c5a6d0
 Begin Bits: [0x0000000011ae0000, 0x0000000012ae0000)
 End Bits:   [0x0000000012ae0000, 0x0000000013ae0000)

Polling page: 0x0000000000450000

CodeCache: size=245760Kb used=2065Kb max_used=2065Kb free=243694Kb
 bounds [0x0000000001fb0000, 0x0000000002220000, 0x0000000010fb0000]
 total_blobs=652 nmethods=387 adapters=178
 compilation: enabled

Compilation events (10 events):
Event: 1.023 Thread 0x0000000015ed1000 nmethod 305 0x0000000002176410 code [0x0000000002176560, 0x0000000002176670]
Event: 1.023 Thread 0x0000000015ed1000  310       1       com.android.dx.cf.code.Frame::getStack (5 bytes)
Event: 1.023 Thread 0x0000000015ed1000 nmethod 310 0x0000000002176150 code [0x00000000021762a0, 0x00000000021763b0]
Event: 1.023 Thread 0x0000000015ed1000  311   !   3       com.android.dx.cf.code.BytecodeArray::parseInstruction (2764 bytes)
Event: 1.026 Thread 0x000000001468b800 nmethod 306 0x000000000217cb50 code [0x000000000217cca0, 0x000000000217cf98]
Event: 1.031 Thread 0x00000000146d9800  319   !   4       com.android.dx.util.FixedSizeList::get0 (47 bytes)
Event: 1.032 Thread 0x000000001468b800  322       4       java.util.ArrayList::get (11 bytes)
Event: 1.033 Thread 0x00000000146d9800 nmethod 319 0x0000000002175dd0 code [0x0000000002175f00, 0x0000000002175fb8]
Event: 1.033 Thread 0x000000001468b800 nmethod 322 0x000000000217d1d0 code [0x000000000217d300, 0x000000000217d3b8]
Event: 1.037 Thread 0x00000000146d9800  327       4       java.lang.String::replace (127 bytes)

GC Heap History (0 events):
No events

Deoptimization events (0 events):
No events

Internal exceptions (2 events):
Event: 0.050 Thread 0x0000000001df2800 Exception <a 'java/lang/NoSuchMethodError': Method sun.misc.Unsafe.defineClass(Ljava/lang/String;[BII)Ljava/lang/Class; name or signature does not match> (0x00000000eab07cc0) thrown at [C:\re\workspace\8-2-build-windows-amd64-cygwin\jdk8u101\7261\hotspot\s§O˜Qi©?
Event: 0.050 Thread 0x0000000001df2800 Exception <a 'java/lang/NoSuchMethodError': Method sun.misc.Unsafe.prefetchRead(Ljava/lang/Object;J)V name or signature does not match> (0x00000000eab07fa8) thrown at [C:\re\workspace\8-2-build-windows-amd64-cygwin\jdk8u101\7261\hotspot\src\share\vm\prims\

Events (10 events):
Event: 1.037 loading class com/android/dx/ssa/Dominators
Event: 1.037 loading class com/android/dx/ssa/Dominators done
Event: 1.039 loading class com/android/dx/ssa/SsaBasicBlock$Visitor
Event: 1.039 loading class com/android/dx/ssa/SsaBasicBlock$Visitor done
Event: 1.041 loading class com/android/dx/ssa/Dominators$DFSInfo
Event: 1.041 loading class com/android/dx/ssa/Dominators$DFSInfo done
Event: 1.042 loading class com/android/dx/ssa/Dominators$DfsWalker
Event: 1.042 loading class com/android/dx/ssa/Dominators$DfsWalker done
Event: 1.045 loading class com/android/dx/ssa/SetFactory
Event: 1.045 loading class com/android/dx/ssa/SetFactory done


Dynamic libraries:
0x00007ff712740000 - 0x00007ff712777000 	C:\Program Files\Java\jdk1.8.0_101\bin\java.exe
0x00007ffb89a10000 - 0x00007ffb89bbd000 	C:\Windows\SYSTEM32\ntdll.dll
0x00007ffb89730000 - 0x00007ffb8986e000 	C:\Windows\system32\KERNEL32.DLL
0x00007ffb86c90000 - 0x00007ffb86da5000 	C:\Windows\system32\KERNELBASE.dll
0x00007ffb85710000 - 0x00007ffb8579e000 	C:\Windows\system32\apphelp.dll
0x00007ffb68980000 - 0x00007ffb689d3000 	C:\Windows\AppPatch\AppPatch64\AcGenral.DLL
0x00007ffb89510000 - 0x00007ffb895ba000 	C:\Windows\system32\msvcrt.dll
0x00007ffb86810000 - 0x00007ffb8683e000 	C:\Windows\SYSTEM32\SspiCli.dll
0x00007ffb876c0000 - 0x00007ffb87714000 	C:\Windows\system32\SHLWAPI.dll
0x00007ffb879a0000 - 0x00007ffb87b17000 	C:\Windows\system32\USER32.dll
0x00007ffb89870000 - 0x00007ffb89a04000 	C:\Windows\system32\ole32.dll
0x00007ffb87fe0000 - 0x00007ffb8950a000 	C:\Windows\system32\SHELL32.dll
0x00007ffb86160000 - 0x00007ffb86181000 	C:\Windows\SYSTEM32\USERENV.dll
0x00007ffb895c0000 - 0x00007ffb8966a000 	C:\Windows\system32\ADVAPI32.dll
0x00007ffb73eb0000 - 0x00007ffb73ece000 	C:\Windows\SYSTEM32\MPR.dll
0x00007ffb87570000 - 0x00007ffb876b1000 	C:\Windows\system32\RPCRT4.dll
0x00007ffb873a0000 - 0x00007ffb873f9000 	C:\Windows\SYSTEM32\sechost.dll
0x00007ffb87b90000 - 0x00007ffb87da1000 	C:\Windows\SYSTEM32\combase.dll
0x00007ffb87400000 - 0x00007ffb87550000 	C:\Windows\system32\GDI32.dll
0x00007ffb86b60000 - 0x00007ffb86b75000 	C:\Windows\SYSTEM32\profapi.dll
0x00007ffb84c30000 - 0x00007ffb84ce2000 	C:\Windows\SYSTEM32\SHCORE.dll
0x00007ffb87960000 - 0x00007ffb87996000 	C:\Windows\system32\IMM32.DLL
0x00007ffb87800000 - 0x00007ffb87952000 	C:\Windows\system32\MSCTF.dll
0x00007ffb82800000 - 0x00007ffb82a7b000 	C:\Windows\WinSxS\amd64_microsoft.windows.common-controls_6595b64144ccf1df_6.0.9600.18006_none_623f33d3ecbe86e8\COMCTL32.dll
0x0000000068fa0000 - 0x0000000069072000 	C:\Program Files\Java\jdk1.8.0_101\jre\bin\msvcr100.dll
0x0000000069440000 - 0x0000000069cda000 	C:\Program Files\Java\jdk1.8.0_101\jre\bin\server\jvm.dll
0x00007ffb78e40000 - 0x00007ffb78e49000 	C:\Windows\SYSTEM32\WSOCK32.dll
0x00007ffb81a60000 - 0x00007ffb81a82000 	C:\Windows\SYSTEM32\WINMM.dll
0x00007ffb81a90000 - 0x00007ffb81a9a000 	C:\Windows\SYSTEM32\VERSION.dll
0x00007ffb87550000 - 0x00007ffb87557000 	C:\Windows\system32\PSAPI.DLL
0x00007ffb87b20000 - 0x00007ffb87b7a000 	C:\Windows\system32\WS2_32.dll
0x00007ffb81290000 - 0x00007ffb812ba000 	C:\Windows\SYSTEM32\WINMMBASE.dll
0x00007ffb87fd0000 - 0x00007ffb87fd9000 	C:\Windows\system32\NSI.dll
0x00007ffb87040000 - 0x00007ffb8708f000 	C:\Windows\SYSTEM32\cfgmgr32.dll
0x00007ffb85950000 - 0x00007ffb85978000 	C:\Windows\SYSTEM32\DEVOBJ.dll
0x000000006b360000 - 0x000000006b36f000 	C:\Program Files\Java\jdk1.8.0_101\jre\bin\verify.dll
0x000000006b330000 - 0x000000006b359000 	C:\Program Files\Java\jdk1.8.0_101\jre\bin\java.dll
0x000000006b310000 - 0x000000006b326000 	C:\Program Files\Java\jdk1.8.0_101\jre\bin\zip.dll

VM Arguments:
jvm_args: -Djava.awt.headless=true -Xmx1024M -Dfile.encoding=windows-1252 -Duser.country=CO -Duser.language=es -Duser.variant 
java_command: com.android.dx.command.Main --dex --force-jumbo --num-threads=4 --multi-dex --output C:\Users\akato\AndroidStudioProjects\sarku_Japan\app\build\intermediates\transforms\dex\debug\folders\1000\10\com.android.support-support-vector-drawable-24.0.0-alpha2_9eb9242b5de43ebeb0034fbe1f4366e52d614408 C:\Users\akato\AndroidStudioProjects\sarku_Japan\app\build\intermediates\exploded-aar\com.android.support\support-vector-drawable\24.0.0-alpha2\jars\classes.jar
java_class_path (initial): C:\Users\akato\AppData\Local\Android\sdk\build-tools\24.0.2\lib\dx.jar
Launcher Type: SUN_STANDARD

Environment Variables:
PATH=C:\ProgramData\Oracle\Java\javapath;C:\Program Files (x86)\Intel\iCLS Client\;C:\Program Files\Intel\iCLS Client\;C:\Windows\system32;C:\Windows;C:\Windows\System32\Wbem;C:\Windows\System32\WindowsPowerShell\v1.0\;C:\Program Files\Intel\Intel(R) Management Engine Components\DAL;C:\Program Files\Intel\Intel(R) Management Engine Components\IPT;C:\Program Files (x86)\Intel\Intel(R) Management Engine Components\DAL;C:\Program Files (x86)\Intel\Intel(R) Management Engine Components\IPT;C:\Program Files\Acer\Remote Files\;C:\Program Files\MATLAB\R2013a\runtime\win64;C:\Program Files\MATLAB\R2013a\bin;C:\Program Files (x86)\NVIDIA Corporation\PhysX\Common;C:\Program Files (x86)\Skype\Phone\;C:\OrCAD\OrCAD_10.5\tools\pcb\bin;C:\OrCAD\OrCAD_10.5\tools\fet\bin;C:\OrCAD\OrCAD_10.5\tools\specctra\bin;C:\OrCAD\OrCAD_10.5\tools\bin;C:\OrCAD\OrCAD_10.5\tools\PSpice\Library;C:\OrCAD\OrCAD_10.5\tools\Capture;C:\Program Files\Git\cmd
USERNAME=akato
OS=Windows_NT
PROCESSOR_IDENTIFIER=Intel64 Family 6 Model 69 Stepping 1, GenuineIntel



---------------  S Y S T E M  ---------------

OS: Windows 8.1 , 64 bit Build 9600 (6.3.9600.17415)

CPU:total 4 (2 cores per cpu, 2 threads per core) family 6 model 69 stepping 1, cmov, cx8, fxsr, mmx, sse, sse2, sse3, ssse3, sse4.1, sse4.2, popcnt, avx, avx2, aes, clmul, erms, lzcnt, ht, tsc, tscinvbit, bmi1, bmi2

Memory: 4k page, physical 8310040k(1115228k free), swap 10358040k(52200k free)

vm_info: Java HotSpot(TM) 64-Bit Server VM (25.101-b13) for windows-amd64 JRE (1.8.0_101-b13), built on Jun 22 2016 01:21:29 by "java_re" with MS VC++ 10.0 (VS2010)

time: Mon Sep 12 19:55:08 2016
elapsed time: 1 seconds (0d 0h 0m 1s)

